============================= test session starts ==============================
platform darwin -- Python 3.14.0, pytest-8.4.2, pluggy-1.6.0
rootdir: /Users/brookssime/dev/python_examples/arena_message
configfile: pyproject.toml
testpaths: tests
collected 23 items

tests/test_app.py ..............                                         [ 60%]
tests/test_arena_client.py ......                                        [ 86%]
tests/test_config.py ...                                                 [100%]

============================== 23 passed in 0.81s ==============================
